# JRE version: OpenJDK Runtime Environment Temurin-21.0.6+7 (21.0.6+7) (build 21.0.6+7-LTS)
# Java VM: OpenJDK 64-Bit Server VM Temurin-21.0.6+7 (21.0.6+7-LTS, mixed mode, sharing, tiered, compressed oops, compressed class ptrs, parallel gc, windows-amd64)
GC Precious Log:
 CardTable entry size: 512
 CPUs: 8 total, 8 available
 Memory: 7863M
 Large Page Support: Disabled
 NUMA Support: Disabled
 Compressed Oops: Enabled (32-bit)
 Alignments: Space 512K, Generation 512K, Heap 2M
 Heap Min Capacity: 100M
 Heap Initial Capacity: 100M
 Heap Max Capacity: 1G
 Pre-touch: Disabled
 Parallel Workers: 8
Heap:
 PSYoungGen      total 23552K, used 6527K [0x00000000eab00000, 0x00000000ec580000, 0x0000000100000000)
  eden space 22016K, 28% used [0x00000000eab00000,0x00000000eb127f58,0x00000000ec080000)
  from space 1536K, 14% used [0x00000000ec300000,0x00000000ec338000,0x00000000ec480000)
  to   space 1024K, 0% used [0x00000000ec480000,0x00000000ec480000,0x00000000ec580000)
 ParOldGen       total 68608K, used 23353K [0x00000000c0000000, 0x00000000c4300000, 0x00000000eab00000)
  object space 68608K, 34% used [0x00000000c0000000,0x00000000c16ce528,0x00000000c4300000)
 Metaspace       used 45977K, committed 47040K, reserved 1114112K
  class space    used 4840K, committed 5312K, reserved 1048576K
GC Heap History (20 events):
Event: 23.090 GC heap before
{Heap before GC invocations=12 (full 1):
 PSYoungGen      total 24576K, used 24553K [0x00000000eab00000, 0x00000000ec900000, 0x0000000100000000)
  eden space 23040K, 100% used [0x00000000eab00000,0x00000000ec180000,0x00000000ec180000)
  from space 1536K, 98% used [0x00000000ec780000,0x00000000ec8fa410,0x00000000ec900000)
  to   space 3072K, 0% used [0x00000000ec300000,0x00000000ec300000,0x00000000ec600000)
 ParOldGen       total 68608K, used 14261K [0x00000000c0000000, 0x00000000c4300000, 0x00000000eab00000)
  object space 68608K, 20% used [0x00000000c0000000,0x00000000c0ded698,0x00000000c4300000)
 Metaspace       used 29944K, committed 30784K, reserved 1114112K
  class space    used 2952K, committed 3328K, reserved 1048576K
}
Event: 23.095 GC heap after
{Heap after GC invocations=12 (full 1):
 PSYoungGen      total 25600K, used 608K [0x00000000eab00000, 0x00000000ec800000, 0x0000000100000000)
  eden space 22528K, 0% used [0x00000000eab00000,0x00000000eab00000,0x00000000ec100000)
  from space 3072K, 19% used [0x00000000ec300000,0x00000000ec398000,0x00000000ec600000)
  to   space 1536K, 0% used [0x00000000ec680000,0x00000000ec680000,0x00000000ec800000)
 ParOldGen       total 68608K, used 15712K [0x00000000c0000000, 0x00000000c4300000, 0x00000000eab00000)
  object space 68608K, 22% used [0x00000000c0000000,0x00000000c0f58378,0x00000000c4300000)
 Metaspace       used 29944K, committed 30784K, reserved 1114112K
  class space    used 2952K, committed 3328K, reserved 1048576K
}
Event: 25.201 GC heap before
{Heap before GC invocations=13 (full 1):
 PSYoungGen      total 25600K, used 23136K [0x00000000eab00000, 0x00000000ec800000, 0x0000000100000000)
  eden space 22528K, 100% used [0x00000000eab00000,0x00000000ec100000,0x00000000ec100000)
  from space 3072K, 19% used [0x00000000ec300000,0x00000000ec398000,0x00000000ec600000)
  to   space 1536K, 0% used [0x00000000ec680000,0x00000000ec680000,0x00000000ec800000)
 ParOldGen       total 68608K, used 15712K [0x00000000c0000000, 0x00000000c4300000, 0x00000000eab00000)
  object space 68608K, 22% used [0x00000000c0000000,0x00000000c0f58378,0x00000000c4300000)
 Metaspace       used 32811K, committed 33792K, reserved 1114112K
  class space    used 3260K, committed 3712K, reserved 1048576K
}
Event: 25.205 GC heap after
{Heap after GC invocations=13 (full 1):
 PSYoungGen      total 23552K, used 1305K [0x00000000eab00000, 0x00000000ec800000, 0x0000000100000000)
  eden space 22016K, 0% used [0x00000000eab00000,0x00000000eab00000,0x00000000ec080000)
  from space 1536K, 84% used [0x00000000ec680000,0x00000000ec7c6480,0x00000000ec800000)
  to   space 1536K, 0% used [0x00000000ec500000,0x00000000ec500000,0x00000000ec680000)
 ParOldGen       total 68608K, used 16064K [0x00000000c0000000, 0x00000000c4300000, 0x00000000eab00000)
  object space 68608K, 23% used [0x00000000c0000000,0x00000000c0fb03b8,0x00000000c4300000)
 Metaspace       used 32811K, committed 33792K, reserved 1114112K
  class space    used 3260K, committed 3712K, reserved 1048576K
}
Event: 26.139 GC heap before
{Heap before GC invocations=14 (full 1):
 PSYoungGen      total 23552K, used 18668K [0x00000000eab00000, 0x00000000ec800000, 0x0000000100000000)
  eden space 22016K, 78% used [0x00000000eab00000,0x00000000ebbf4ba8,0x00000000ec080000)
  from space 1536K, 84% used [0x00000000ec680000,0x00000000ec7c6480,0x00000000ec800000)
  to   space 1536K, 0% used [0x00000000ec500000,0x00000000ec500000,0x00000000ec680000)
 ParOldGen       total 68608K, used 16064K [0x00000000c0000000, 0x00000000c4300000, 0x00000000eab00000)
  object space 68608K, 23% used [0x00000000c0000000,0x00000000c0fb03b8,0x00000000c4300000)
 Metaspace       used 34870K, committed 35840K, reserved 1114112K
  class space    used 3530K, committed 3968K, reserved 1048576K
}
Event: 26.143 GC heap after
{Heap after GC invocations=14 (full 1):
 PSYoungGen      total 23552K, used 1253K [0x00000000eab00000, 0x00000000ec700000, 0x0000000100000000)
  eden space 22016K, 0% used [0x00000000eab00000,0x00000000eab00000,0x00000000ec080000)
  from space 1536K, 81% used [0x00000000ec500000,0x00000000ec639558,0x00000000ec680000)
  to   space 512K, 0% used [0x00000000ec680000,0x00000000ec680000,0x00000000ec700000)
 ParOldGen       total 68608K, used 17204K [0x00000000c0000000, 0x00000000c4300000, 0x00000000eab00000)
  object space 68608K, 25% used [0x00000000c0000000,0x00000000c10cd238,0x00000000c4300000)
 Metaspace       used 34870K, committed 35840K, reserved 1114112K
  class space    used 3530K, committed 3968K, reserved 1048576K
}
Event: 26.143 GC heap before
{Heap before GC invocations=15 (full 2):
 PSYoungGen      total 23552K, used 1253K [0x00000000eab00000, 0x00000000ec700000, 0x0000000100000000)
  eden space 22016K, 0% used [0x00000000eab00000,0x00000000eab00000,0x00000000ec080000)
  from space 1536K, 81% used [0x00000000ec500000,0x00000000ec639558,0x00000000ec680000)
  to   space 512K, 0% used [0x00000000ec680000,0x00000000ec680000,0x00000000ec700000)
 ParOldGen       total 68608K, used 17204K [0x00000000c0000000, 0x00000000c4300000, 0x00000000eab00000)
  object space 68608K, 25% used [0x00000000c0000000,0x00000000c10cd238,0x00000000c4300000)
 Metaspace       used 34870K, committed 35840K, reserved 1114112K
  class space    used 3530K, committed 3968K, reserved 1048576K
}
Event: 26.225 GC heap after
{Heap after GC invocations=15 (full 2):
 PSYoungGen      total 23552K, used 0K [0x00000000eab00000, 0x00000000ec700000, 0x0000000100000000)
  eden space 22016K, 0% used [0x00000000eab00000,0x00000000eab00000,0x00000000ec080000)
  from space 1536K, 0% used [0x00000000ec500000,0x00000000ec500000,0x00000000ec680000)
  to   space 512K, 0% used [0x00000000ec680000,0x00000000ec680000,0x00000000ec700000)
 ParOldGen       total 68608K, used 17606K [0x00000000c0000000, 0x00000000c4300000, 0x00000000eab00000)
  object space 68608K, 25% used [0x00000000c0000000,0x00000000c1131b30,0x00000000c4300000)
 Metaspace       used 34861K, committed 35840K, reserved 1114112K
  class space    used 3527K, committed 3968K, reserved 1048576K
}
Event: 26.991 GC heap before
{Heap before GC invocations=16 (full 2):
 PSYoungGen      total 23552K, used 22016K [0x00000000eab00000, 0x00000000ec700000, 0x0000000100000000)
  eden space 22016K, 100% used [0x00000000eab00000,0x00000000ec080000,0x00000000ec080000)
  from space 1536K, 0% used [0x00000000ec500000,0x00000000ec500000,0x00000000ec680000)
  to   space 512K, 0% used [0x00000000ec680000,0x00000000ec680000,0x00000000ec700000)
 ParOldGen       total 68608K, used 17606K [0x00000000c0000000, 0x00000000c4300000, 0x00000000eab00000)
  object space 68608K, 25% used [0x00000000c0000000,0x00000000c1131b30,0x00000000c4300000)
 Metaspace       used 37702K, committed 38784K, reserved 1114112K
  class space    used 3877K, committed 4352K, reserved 1048576K
}
Event: 26.996 GC heap after
{Heap after GC invocations=16 (full 2):
 PSYoungGen      total 22528K, used 505K [0x00000000eab00000, 0x00000000ec700000, 0x0000000100000000)
  eden space 22016K, 0% used [0x00000000eab00000,0x00000000eab00000,0x00000000ec080000)
  from space 512K, 98% used [0x00000000ec680000,0x00000000ec6fe480,0x00000000ec700000)
  to   space 1536K, 0% used [0x00000000ec400000,0x00000000ec400000,0x00000000ec580000)
 ParOldGen       total 68608K, used 18455K [0x00000000c0000000, 0x00000000c4300000, 0x00000000eab00000)
  object space 68608K, 26% used [0x00000000c0000000,0x00000000c1205d50,0x00000000c4300000)
 Metaspace       used 37702K, committed 38784K, reserved 1114112K
  class space    used 3877K, committed 4352K, reserved 1048576K
}
Event: 29.428 GC heap before
{Heap before GC invocations=17 (full 2):
 PSYoungGen      total 22528K, used 22521K [0x00000000eab00000, 0x00000000ec700000, 0x0000000100000000)
  eden space 22016K, 100% used [0x00000000eab00000,0x00000000ec080000,0x00000000ec080000)
  from space 512K, 98% used [0x00000000ec680000,0x00000000ec6fe480,0x00000000ec700000)
  to   space 1536K, 0% used [0x00000000ec400000,0x00000000ec400000,0x00000000ec580000)
 ParOldGen       total 68608K, used 18455K [0x00000000c0000000, 0x00000000c4300000, 0x00000000eab00000)
  object space 68608K, 26% used [0x00000000c0000000,0x00000000c1205d50,0x00000000c4300000)
 Metaspace       used 40175K, committed 41280K, reserved 1114112K
  class space    used 4192K, committed 4672K, reserved 1048576K
}
Event: 29.433 GC heap after
{Heap after GC invocations=17 (full 2):
 PSYoungGen      total 23552K, used 1536K [0x00000000eab00000, 0x00000000ec700000, 0x0000000100000000)
  eden space 22016K, 0% used [0x00000000eab00000,0x00000000eab00000,0x00000000ec080000)
  from space 1536K, 100% used [0x00000000ec400000,0x00000000ec580000,0x00000000ec580000)
  to   space 1536K, 0% used [0x00000000ec580000,0x00000000ec580000,0x00000000ec700000)
 ParOldGen       total 68608K, used 19294K [0x00000000c0000000, 0x00000000c4300000, 0x00000000eab00000)
  object space 68608K, 28% used [0x00000000c0000000,0x00000000c12d7818,0x00000000c4300000)
 Metaspace       used 40175K, committed 41280K, reserved 1114112K
  class space    used 4192K, committed 4672K, reserved 1048576K
}
Event: 31.433 GC heap before
{Heap before GC invocations=18 (full 2):
 PSYoungGen      total 23552K, used 23552K [0x00000000eab00000, 0x00000000ec700000, 0x0000000100000000)
  eden space 22016K, 100% used [0x00000000eab00000,0x00000000ec080000,0x00000000ec080000)
  from space 1536K, 100% used [0x00000000ec400000,0x00000000ec580000,0x00000000ec580000)
  to   space 1536K, 0% used [0x00000000ec580000,0x00000000ec580000,0x00000000ec700000)
 ParOldGen       total 68608K, used 19294K [0x00000000c0000000, 0x00000000c4300000, 0x00000000eab00000)
  object space 68608K, 28% used [0x00000000c0000000,0x00000000c12d7818,0x00000000c4300000)
 Metaspace       used 41679K, committed 42752K, reserved 1114112K
  class space    used 4348K, committed 4800K, reserved 1048576K
}
Event: 31.441 GC heap after
{Heap after GC invocations=18 (full 2):
 PSYoungGen      total 23040K, used 752K [0x00000000eab00000, 0x00000000ec680000, 0x0000000100000000)
  eden space 22016K, 0% used [0x00000000eab00000,0x00000000eab00000,0x00000000ec080000)
  from space 1024K, 73% used [0x00000000ec580000,0x00000000ec63c010,0x00000000ec680000)
  to   space 1536K, 0% used [0x00000000ec380000,0x00000000ec380000,0x00000000ec500000)
 ParOldGen       total 68608K, used 20773K [0x00000000c0000000, 0x00000000c4300000, 0x00000000eab00000)
  object space 68608K, 30% used [0x00000000c0000000,0x00000000c1449528,0x00000000c4300000)
 Metaspace       used 41679K, committed 42752K, reserved 1114112K
  class space    used 4348K, committed 4800K, reserved 1048576K
}
Event: 55.790 GC heap before
{Heap before GC invocations=19 (full 2):
 PSYoungGen      total 23040K, used 22768K [0x00000000eab00000, 0x00000000ec680000, 0x0000000100000000)
  eden space 22016K, 99% used [0x00000000eab00000,0x00000000ec07fff0,0x00000000ec080000)
  from space 1024K, 73% used [0x00000000ec580000,0x00000000ec63c010,0x00000000ec680000)
  to   space 1536K, 0% used [0x00000000ec380000,0x00000000ec380000,0x00000000ec500000)
 ParOldGen       total 68608K, used 20773K [0x00000000c0000000, 0x00000000c4300000, 0x00000000eab00000)
  object space 68608K, 30% used [0x00000000c0000000,0x00000000c1449528,0x00000000c4300000)
 Metaspace       used 44187K, committed 45248K, reserved 1114112K
  class space    used 4646K, committed 5120K, reserved 1048576K
}
Event: 56.139 GC heap after
{Heap after GC invocations=19 (full 2):
 PSYoungGen      total 23552K, used 1241K [0x00000000eab00000, 0x00000000ec600000, 0x0000000100000000)
  eden space 22016K, 0% used [0x00000000eab00000,0x00000000eab00000,0x00000000ec080000)
  from space 1536K, 80% used [0x00000000ec380000,0x00000000ec4b6580,0x00000000ec500000)
  to   space 1024K, 0% used [0x00000000ec500000,0x00000000ec500000,0x00000000ec600000)
 ParOldGen       total 68608K, used 21393K [0x00000000c0000000, 0x00000000c4300000, 0x00000000eab00000)
  object space 68608K, 31% used [0x00000000c0000000,0x00000000c14e4538,0x00000000c4300000)
 Metaspace       used 44187K, committed 45248K, reserved 1114112K
  class space    used 4646K, committed 5120K, reserved 1048576K
}
Event: 63.575 GC heap before
{Heap before GC invocations=20 (full 2):
 PSYoungGen      total 23552K, used 23257K [0x00000000eab00000, 0x00000000ec600000, 0x0000000100000000)
  eden space 22016K, 100% used [0x00000000eab00000,0x00000000ec080000,0x00000000ec080000)
  from space 1536K, 80% used [0x00000000ec380000,0x00000000ec4b6580,0x00000000ec500000)
  to   space 1024K, 0% used [0x00000000ec500000,0x00000000ec500000,0x00000000ec600000)
 ParOldGen       total 68608K, used 21393K [0x00000000c0000000, 0x00000000c4300000, 0x00000000eab00000)
  object space 68608K, 31% used [0x00000000c0000000,0x00000000c14e4538,0x00000000c4300000)
 Metaspace       used 45858K, committed 46912K, reserved 1114112K
  class space    used 4826K, committed 5312K, reserved 1048576K
}
Event: 63.581 GC heap after
{Heap after GC invocations=20 (full 2):
 PSYoungGen      total 23040K, used 976K [0x00000000eab00000, 0x00000000ec600000, 0x0000000100000000)
  eden space 22016K, 0% used [0x00000000eab00000,0x00000000eab00000,0x00000000ec080000)
  from space 1024K, 95% used [0x00000000ec500000,0x00000000ec5f4010,0x00000000ec600000)
  to   space 1536K, 0% used [0x00000000ec300000,0x00000000ec300000,0x00000000ec480000)
 ParOldGen       total 68608K, used 22515K [0x00000000c0000000, 0x00000000c4300000, 0x00000000eab00000)
  object space 68608K, 32% used [0x00000000c0000000,0x00000000c15fccd8,0x00000000c4300000)
 Metaspace       used 45858K, committed 46912K, reserved 1114112K
  class space    used 4826K, committed 5312K, reserved 1048576K
}
Event: 65.867 GC heap before
{Heap before GC invocations=21 (full 2):
 PSYoungGen      total 23040K, used 22992K [0x00000000eab00000, 0x00000000ec600000, 0x0000000100000000)
  eden space 22016K, 100% used [0x00000000eab00000,0x00000000ec080000,0x00000000ec080000)
  from space 1024K, 95% used [0x00000000ec500000,0x00000000ec5f4010,0x00000000ec600000)
  to   space 1536K, 0% used [0x00000000ec300000,0x00000000ec300000,0x00000000ec480000)
 ParOldGen       total 68608K, used 22515K [0x00000000c0000000, 0x00000000c4300000, 0x00000000eab00000)
  object space 68608K, 32% used [0x00000000c0000000,0x00000000c15fccd8,0x00000000c4300000)
 Metaspace       used 45874K, committed 47040K, reserved 1114112K
  class space    used 4828K, committed 5312K, reserved 1048576K
}
Event: 65.871 GC heap after
{Heap after GC invocations=21 (full 2):
 PSYoungGen      total 23552K, used 224K [0x00000000eab00000, 0x00000000ec580000, 0x0000000100000000)
  eden space 22016K, 0% used [0x00000000eab00000,0x00000000eab00000,0x00000000ec080000)
  from space 1536K, 14% used [0x00000000ec300000,0x00000000ec338000,0x00000000ec480000)
  to   space 1024K, 0% used [0x00000000ec480000,0x00000000ec480000,0x00000000ec580000)
 ParOldGen       total 68608K, used 23353K [0x00000000c0000000, 0x00000000c4300000, 0x00000000eab00000)
  object space 68608K, 34% used [0x00000000c0000000,0x00000000c16ce528,0x00000000c4300000)
 Metaspace       used 45874K, committed 47040K, reserved 1114112K
  class space    used 4828K, committed 5312K, reserved 1048576K
}

